while (i < num_rows)
{
  (Integer[][]) cov[i] = (Integer[]) new Integer[num_rows];
  i++;
}haha 
matches1
/Users/remywang/code-search-bench/metalift/casper/labelled//stats/Calculate.java
while (i < ((double[]) a).length)
  labeled_0: {
               (double[]) temp[i] = ((double[]) a)[i] * b;
               i++;
             }haha 
while (i < ((double[]) a).length)
  labeled_1: {
               (double[]) temp[i] = ((double[]) a)[i] * ((double[]) b)[i];
               i++;
             }haha 
matches2
/Users/remywang/code-search-bench/metalift/casper/labelled//stats/PlotUtil.java
while (i < data.length)
{
  x[i] = ((double[]) data[i])[0];
  i++;
}haha 
while (i < data.length)
{
  y[i] = ((double[]) data[i])[1];
  i++;
}haha 
matches2
/Users/remywang/code-search-bench/metalift/casper/labelled//stats/StatsUtil.java
while (i < ((double[]) data).length)
  labeled_0: {
               sum += ((double[]) data)[i];
               i++;
             }haha 
while (i < ((double[][]) data).length)
  labeled_1: {
               covariance += (((double[]) ((double[][]) data)[i])[0] - xVariance) * (((double[]) ((double[][]) data)[i])[1] - yVariance);
               i++;
             }haha 
while (i < ((double[]) x).length)
  labeled_2: {
               covariance += (((double[]) x)[i] - xVariance) * (((double[]) y)[i] - yVariance);
               i++;
             }haha 
while (i < ((double[]) data).length)
  labeled_3: {
               variance += Math.pow((((double[]) data)[i] - mean), 2);
               i++;
             }haha 
while (i < ((double[][]) data).length)
  labeled_4: {
               (double[]) fit[i] = gradient * ((double[]) ((double[][]) data)[i])[0] + offset;
               i++;
             }haha 
while (i < ((double[]) x).length)
  labeled_5: {
               (double[]) fit[i] = gradient * ((double[]) x)[i] + offset;
               i++;
             }haha 
while (i < ((double[][]) data).length)
  labeled_6: {
               rss += (((double[]) fit)[i] - ((double[]) ((double[][]) data)[i])[1]) * (((double[]) fit)[i] - ((double[]) ((double[][]) data)[i])[1]);
               i++;
             }haha 
while (i < ((double[]) y).length)
  labeled_7: {
               rss += (((double[]) fit)[i] - ((double[]) y)[i]) * (((double[]) fit)[i] - ((double[]) y)[i]);
               i++;
             }haha 
while (i < ((double[]) fit).length)
  labeled_8: {
               ssr += (((double[]) fit)[i] - yMean) * (((double[]) fit)[i] - yMean);
               i++;
             }haha 
while (i < ((double[]) y).length)
  labeled_9: {
               (double[]) residuals[i] = ((double[]) y)[i] - ((double[]) fit)[i];
               i++;
             }haha 
while (i < numberOfSamples)
{
  (double[]) gaussian[i] = Math.sqrt((1 / period * variance)) * Math.exp((-(i - mean) * (i - mean) / 2 * variance));
  tempGaussian += ((double[]) gaussian)[i];
  i++;
}haha 
while (i < numberOfSamples)
  labeled_10: {
                (double[]) gaussian[i] /= tempGaussian;
                i++;
              }haha 
while (i < ((double[]) convolved).length)
  labeled_0: {
               (double[]) convolved[i] = 0.0;
               int j = i;
               int k = 0;
               while ((j < i) + numberOfSamples)
               {
                 (double[]) convolved[i] += ((int[]) data)[j] * ((double[]) gaussian)[k];
                 j++;
                 k++;
               }
               i++;
             }haha 
matches13
