/Users/remywang/daikon//java/daikon/PptSplitter.java
for (OrderedPairIterator<Invariant> opi = new OrderedPairIterator<Invariant>(ss1.iterator(), ss2.iterator(), icfp) ; opi.hasNext() ;)
{
  Pair<Invariant, Invariant> pair = opi.next();
  if (pair.a == null || pair.b == null)
  {
    result.add(new Invariant[] {
                                 pair.a,
                                 pair.b,
                               });
  }
}haha 
for (OrderedPairIterator<Invariant> opi = new OrderedPairIterator<Invariant>(ss1.iterator(), ss2.iterator(), icfp) ; opi.hasNext() ;)
{
  Pair pair = opi.next();
  if (pair.a != null && pair.b != null)
  {
    Invariant inv1 = (Invariant) pair.a;
    Invariant inv2 = (Invariant) pair.b;
    result.add(inv1);
  }
}haha 
matches2
